2147483647 1 0
2147483647 2 1
2147483647 4 2
2147483647 8 3
2147483647 16 4
2147483647 32 5
2147483647 64 6
2147483647 128 7
2147483647 256 8
2147483647 512 9
2147483647 1024 10
2147483647 2048 11
2147483647 4096 12
2147483647 8192 13
2147483647 16384 14
2147483647 32768 15
2147483647 65536 16
2147483647 131072 17
2147483647 262144 18
2147483647 524288 19
2147483647 1048576 20
2147483647 2097152 21
2147483647 4194304 22
2147483647 8388608 23
2147483647 16777216 24
2147483647 33554432 25
2147483647 67108864 26
2147483647 134217728 27
2147483647 268435456 28
2147483647 536870912 29
2147483647 1073741824 30
2147483647 2147483648 31
1073741823 1 0
1073741823 2 1
1073741823 4 2
1073741823 8 3
1073741823 16 4
1073741823 32 5
1073741823 64 6
1073741823 128 7
1073741823 256 8
1073741823 512 9
1073741823 1024 10
1073741823 2048 11
1073741823 4096 12
1073741823 8192 13
1073741823 16384 14
1073741823 32768 15
1073741823 65536 16
1073741823 131072 17
1073741823 262144 18
1073741823 524288 19
1073741823 1048576 20
1073741823 2097152 21
1073741823 4194304 22
1073741823 8388608 23
1073741823 16777216 24
1073741823 33554432 25
1073741823 67108864 26
1073741823 134217728 27
1073741823 268435456 28
1073741823 536870912 29
1073741823 1073741824 30
536870911 1 0
536870911 2 1
536870911 4 2
536870911 8 3
536870911 16 4
536870911 32 5
536870911 64 6
536870911 128 7
536870911 256 8
536870911 512 9
536870911 1024 10
536870911 2048 11
536870911 4096 12
536870911 8192 13
536870911 16384 14
536870911 32768 15
536870911 65536 16
536870911 131072 17
536870911 262144 18
536870911 524288 19
536870911 1048576 20
536870911 2097152 21
536870911 4194304 22
536870911 8388608 23
536870911 16777216 24
536870911 33554432 25
536870911 67108864 26
536870911 134217728 27
536870911 268435456 28
536870911 536870912 29
268435455 1 0
268435455 2 1
268435455 4 2
268435455 8 3
268435455 16 4
268435455 32 5
268435455 64 6
268435455 128 7
268435455 256 8
268435455 512 9
268435455 1024 10
268435455 2048 11
268435455 4096 12
268435455 8192 13
268435455 16384 14
268435455 32768 15
268435455 65536 16
268435455 131072 17
268435455 262144 18
268435455 524288 19
268435455 1048576 20
268435455 2097152 21
268435455 4194304 22
268435455 8388608 23
268435455 16777216 24
268435455 33554432 25
268435455 67108864 26
268435455 134217728 27
268435455 268435456 28
134217727 1 0
134217727 2 1
134217727 4 2
134217727 8 3
134217727 16 4
134217727 32 5
134217727 64 6
134217727 128 7
134217727 256 8
134217727 512 9
134217727 1024 10
134217727 2048 11
134217727 4096 12
134217727 8192 13
134217727 16384 14
134217727 32768 15
134217727 65536 16
134217727 131072 17
134217727 262144 18
134217727 524288 19
134217727 1048576 20
134217727 2097152 21
134217727 4194304 22
134217727 8388608 23
134217727 16777216 24
134217727 33554432 25
134217727 67108864 26
134217727 134217728 27
67108863 1 0
67108863 2 1
67108863 4 2
67108863 8 3
67108863 16 4
67108863 32 5
67108863 64 6
67108863 128 7
67108863 256 8
67108863 512 9
67108863 1024 10
67108863 2048 11
67108863 4096 12
67108863 8192 13
67108863 16384 14
67108863 32768 15
67108863 65536 16
67108863 131072 17
67108863 262144 18
67108863 524288 19
67108863 1048576 20
67108863 2097152 21
67108863 4194304 22
67108863 8388608 23
67108863 16777216 24
67108863 33554432 25
67108863 67108864 26
33554431 1 0
33554431 2 1
33554431 4 2
33554431 8 3
33554431 16 4
33554431 32 5
33554431 64 6
33554431 128 7
33554431 256 8
33554431 512 9
33554431 1024 10
33554431 2048 11
33554431 4096 12
33554431 8192 13
33554431 16384 14
33554431 32768 15
33554431 65536 16
33554431 131072 17
33554431 262144 18
33554431 524288 19
33554431 1048576 20
33554431 2097152 21
33554431 4194304 22
33554431 8388608 23
33554431 16777216 24
33554431 33554432 25
16777215 1 0
16777215 2 1
16777215 4 2
16777215 8 3
16777215 16 4
16777215 32 5
16777215 64 6
16777215 128 7
16777215 256 8
16777215 512 9
16777215 1024 10
16777215 2048 11
16777215 4096 12
16777215 8192 13
16777215 16384 14
16777215 32768 15
16777215 65536 16
16777215 131072 17
16777215 262144 18
16777215 524288 19
16777215 1048576 20
16777215 2097152 21
16777215 4194304 22
16777215 8388608 23
16777215 16777216 24
8388607 1 0
8388607 2 1
8388607 4 2
8388607 8 3
8388607 16 4
8388607 32 5
8388607 64 6
8388607 128 7
8388607 256 8
8388607 512 9
8388607 1024 10
8388607 2048 11
8388607 4096 12
8388607 8192 13
8388607 16384 14
8388607 32768 15
8388607 65536 16
8388607 131072 17
8388607 262144 18
8388607 524288 19
8388607 1048576 20
8388607 2097152 21
8388607 4194304 22
8388607 8388608 23
4194303 1 0
4194303 2 1
4194303 4 2
4194303 8 3
4194303 16 4
4194303 32 5
4194303 64 6
4194303 128 7
4194303 256 8
4194303 512 9
4194303 1024 10
4194303 2048 11
4194303 4096 12
4194303 8192 13
4194303 16384 14
4194303 32768 15
4194303 65536 16
4194303 131072 17
4194303 262144 18
4194303 524288 19
4194303 1048576 20
4194303 2097152 21
4194303 4194304 22
2097151 1 0
2097151 2 1
2097151 4 2
2097151 8 3
2097151 16 4
2097151 32 5
2097151 64 6
2097151 128 7
2097151 256 8
2097151 512 9
2097151 1024 10
2097151 2048 11
2097151 4096 12
2097151 8192 13
2097151 16384 14
2097151 32768 15
2097151 65536 16
2097151 131072 17
2097151 262144 18
2097151 524288 19
2097151 1048576 20
2097151 2097152 21
1048575 1 0
1048575 2 1
1048575 4 2
1048575 8 3
1048575 16 4
1048575 32 5
1048575 64 6
1048575 128 7
1048575 256 8
1048575 512 9
1048575 1024 10
1048575 2048 11
1048575 4096 12
1048575 8192 13
1048575 16384 14
1048575 32768 15
1048575 65536 16
1048575 131072 17
1048575 262144 18
1048575 524288 19
1048575 1048576 20
524287 1 0
524287 2 1
524287 4 2
524287 8 3
524287 16 4
524287 32 5
524287 64 6
524287 128 7
524287 256 8
524287 512 9
524287 1024 10
524287 2048 11
524287 4096 12
524287 8192 13
524287 16384 14
524287 32768 15
524287 65536 16
524287 131072 17
524287 262144 18
524287 524288 19
262143 1 0
262143 2 1
262143 4 2
262143 8 3
262143 16 4
262143 32 5
262143 64 6
262143 128 7
262143 256 8
262143 512 9
262143 1024 10
262143 2048 11
262143 4096 12
262143 8192 13
262143 16384 14
262143 32768 15
262143 65536 16
262143 131072 17
262143 262144 18
131071 1 0
131071 2 1
131071 4 2
131071 8 3
131071 16 4
131071 32 5
131071 64 6
131071 128 7
131071 256 8
131071 512 9
131071 1024 10
131071 2048 11
131071 4096 12
131071 8192 13
131071 16384 14
131071 32768 15
131071 65536 16
131071 131072 17
65535 1 0
65535 2 1
65535 4 2
65535 8 3
65535 16 4
65535 32 5
65535 64 6
65535 128 7
65535 256 8
65535 512 9
65535 1024 10
65535 2048 11
65535 4096 12
65535 8192 13
65535 16384 14
65535 32768 15
65535 65536 16
32767 1 0
32767 2 1
32767 4 2
32767 8 3
32767 16 4
32767 32 5
32767 64 6
32767 128 7
32767 256 8
32767 512 9
32767 1024 10
32767 2048 11
32767 4096 12
32767 8192 13
32767 16384 14
32767 32768 15
16383 1 0
16383 2 1
16383 4 2
16383 8 3
16383 16 4
16383 32 5
16383 64 6
16383 128 7
16383 256 8
16383 512 9
16383 1024 10
16383 2048 11
16383 4096 12
16383 8192 13
16383 16384 14
8191 1 0
8191 2 1
8191 4 2
8191 8 3
8191 16 4
8191 32 5
8191 64 6
8191 128 7
8191 256 8
8191 512 9
8191 1024 10
8191 2048 11
8191 4096 12
8191 8192 13
4095 1 0
4095 2 1
4095 4 2
4095 8 3
4095 16 4
4095 32 5
4095 64 6
4095 128 7
4095 256 8
4095 512 9
4095 1024 10
4095 2048 11
4095 4096 12
2047 1 0
2047 2 1
2047 4 2
2047 8 3
2047 16 4
2047 32 5
2047 64 6
2047 128 7
2047 256 8
2047 512 9
2047 1024 10
2047 2048 11
1023 1 0
1023 2 1
1023 4 2
1023 8 3
1023 16 4
1023 32 5
1023 64 6
1023 128 7
1023 256 8
1023 512 9
1023 1024 10
511 1 0
511 2 1
511 4 2
511 8 3
511 16 4
511 32 5
511 64 6
511 128 7
511 256 8
511 512 9
255 1 0
255 2 1
255 4 2
255 8 3
255 16 4
255 32 5
255 64 6
255 128 7
255 256 8
127 1 0
127 2 1
127 4 2
127 8 3
127 16 4
127 32 5
127 64 6
127 128 7
63 1 0
63 2 1
63 4 2
63 8 3
63 16 4
63 32 5
63 64 6
31 1 0
31 2 1
31 4 2
31 8 3
31 16 4
31 32 5
15 1 0
15 2 1
15 4 2
15 8 3
15 16 4
7 1 0
7 2 1
7 4 2
7 8 3
3 1 0
3 2 1
3 4 2
1 1 0
2147483647
