Case #1: 15 25
Case #2: 0 0
Case #3: 81 567
Case #4: 181 244
Case #5: 0 0
Case #6: 5000000 5000000
Case #7: 10000 9990000
Case #8: 9943 19643
Case #9: 9730 19939
Case #10: 7523 21614
Case #11: 7379 23565
Case #12: 20612 30664
Case #13: 18802 38619
Case #14: 17329 34976
Case #15: 9594 37459
Case #16: 23496 49462
Case #17: 20001 66200
Case #18: 28861 67842
Case #19: 22125 63516
Case #20: 26366 57679
Case #21: 19218 60045
Case #22: 30453 61204
Case #23: 31153 72141
Case #24: 36608 70707
Case #25: 41621 120360
Case #26: 38628 102191
Case #27: 43123 121478
Case #28: 40457 112036
Case #29: 42460 89960
Case #30: 34056 122922
Case #31: 40085 132543
Case #32: 43088 146206
Case #33: 45810 159001
Case #34: 47928 194263
Case #35: 48631 139428
Case #36: 48908 141306
Case #37: 69332 178081
Case #38: 49601 149974
Case #39: 53555 184298
Case #40: 46909 146082
Case #41: 59364 165550
Case #42: 73363 169689
Case #43: 63008 184934
Case #44: 58927 223093
Case #45: 63018 188349
Case #46: 53851 212375
Case #47: 82799 196800
Case #48: 87925 241464
Case #49: 66326 189315
Case #50: 78185 210274
Case #51: 80326 192456
Case #52: 93234 263894
Case #53: 74371 256626
Case #54: 1627180 5090403
Case #55: 1723087 4932744
Case #56: 1697403 4968061
Case #57: 1652270 4999903
Case #58: 1602943 4951854
Case #59: 1593194 4944829
Case #60: 1654784 4961747
Case #61: 1623320 5032650
Case #62: 1720903 4868476
Case #63: 1767821 5079841
Case #64: 1708896 5027821
Case #65: 1634000 4943734
Case #66: 1636077 4978028
Case #67: 1726395 4895895
Case #68: 1729688 5138839
Case #69: 1700352 4993881
Case #70: 1626464 4937338
Case #71: 1661685 4851438
Case #72: 1740117 5010608
Case #73: 1724168 4976780
Case #74: 1666412 4945507
Case #75: 1660366 4956865
Case #76: 1651311 4850096
Case #77: 1629519 4987721
Case #78: 1702756 4878783
Case #79: 1705927 5045460
Case #80: 1606796 5067624
Case #81: 1680522 4927506
Case #82: 1668448 4890225
Case #83: 1720998 5021904
Case #84: 1686750 4924088
Case #85: 1617501 4896965
Case #86: 1658087 4978813
Case #87: 1687814 4937957
Case #88: 1643542 5007975
Case #89: 1681371 4870343
Case #90: 1697872 4901255
Case #91: 1616539 4911951
Case #92: 1666511 5100940
Case #93: 1673374 4900367
Case #94: 1659664 4996647
Case #95: 1723006 4934901
Case #96: 1623408 5029832
Case #97: 1610069 4912710
Case #98: 1653273 4939614
Case #99: 1685451 4948294
Case #100: 1674134 4983897
