Case #1: 15 25
Case #2: 0 0
Case #3: 81 567
Case #4: 181 244
Case #5: 0 0
Case #6: 500 500
Case #7: 100 900
Case #8: 62 107
Case #9: 55 125
Case #10: 125 178
Case #11: 104 208
Case #12: 201 282
Case #13: 182 431
Case #14: 108 268
Case #15: 63 156
Case #16: 156 437
Case #17: 117 297
Case #18: 152 376
Case #19: 121 467
Case #20: 164 301
Case #21: 186 497
Case #22: 71 242
Case #23: 205 446
Case #24: 191 508
Case #25: 146 344
Case #26: 166 311
Case #27: 95 388
Case #28: 162 395
Case #29: 210 478
Case #30: 93 336
Case #31: 155 297
Case #32: 101 434
Case #33: 81 241
Case #34: 193 395
Case #35: 99 347
Case #36: 71 262
Case #37: 141 493
Case #38: 192 381
Case #39: 49 338
Case #40: 85 224
Case #41: 222 327
Case #42: 125 340
Case #43: 173 423
Case #44: 95 251
Case #45: 101 310
Case #46: 86 277
Case #47: 236 485
Case #48: 136 285
Case #49: 114 346
Case #50: 98 363
Case #51: 129 368
Case #52: 198 410
Case #53: 116 368
Case #54: 128 336
Case #55: 118 354
Case #56: 190 433
Case #57: 107 355
Case #58: 235 402
Case #59: 168 594
Case #60: 141 256
Case #61: 186 323
Case #62: 103 323
Case #63: 139 393
Case #64: 161 409
Case #65: 119 358
Case #66: 123 350
Case #67: 127 339
Case #68: 146 313
Case #69: 261 410
Case #70: 191 385
Case #71: 211 468
Case #72: 164 398
Case #73: 119 365
Case #74: 53 186
Case #75: 275 366
Case #76: 244 380
Case #77: 229 335
Case #78: 123 459
Case #79: 89 216
Case #80: 113 392
Case #81: 117 291
Case #82: 204 371
Case #83: 179 378
Case #84: 162 532
Case #85: 136 326
Case #86: 187 350
Case #87: 131 349
Case #88: 113 418
Case #89: 83 225
Case #90: 105 377
Case #91: 123 251
Case #92: 150 344
Case #93: 110 438
Case #94: 142 410
Case #95: 59 315
Case #96: 173 380
Case #97: 160 524
Case #98: 182 448
Case #99: 95 556
Case #100: 119 329
